
0.0.1-beta3

  * fix methods detection, before it failed to find type matching a poiner input source `*Tomate:...`
  * fix package detection, before it failed to find the package to read properly.

  - mh-cbon <mh-cbon@users.noreply.github.com>

-- mh-cbon <mh-cbon@users.noreply.github.com>; Sat, 29 Apr 2017 20:42:41 +0200



0.0.1-beta2

  * cli: add -p param to run the program without go generate support
  * dep: add glide support
  * cli: refactor to use astutil, fix various cases
  * demo: update

  - mh-cbon <mh-cbon@users.noreply.github.com>

-- mh-cbon <mh-cbon@users.noreply.github.com>; Sat, 29 Apr 2017 17:44:41 +0200



0.0.1-beta1

  * fix template

  - mh-cbon <mh-cbon@users.noreply.github.com>

-- mh-cbon <mh-cbon@users.noreply.github.com>; Fri, 28 Apr 2017 18:01:58 +0200



0.0.1-beta

  * init

  - mh-cbon <mh-cbon@users.noreply.github.com>

-- mh-cbon <mh-cbon@users.noreply.github.com>; Fri, 28 Apr 2017 17:54:55 +0200


